<?xml version="1.0" encoding="UTF-8"?>
<!-- Generated by org.testng.reporters.JUnitXMLReporter -->
<testsuite ignored="0" hostname="IGNP-LPWDEV0197" failures="1" tests="1" name="GoogleSearchTest" time="25.47" errors="0" timestamp="2024-06-25T15:27:41 IST">
  <testcase classname="Sample_google.Sample_web.GoogleSearchTest" name="testGoogleSearch" time="7.945">
    <failure type="java.lang.AssertionError" message="expected [true] but found [false]">
      <![CDATA[java.lang.AssertionError: expected [true] but found [false]
at Sample_google.Sample_web.GoogleSearchTest.testGoogleSearch(GoogleSearchTest.java:32)
at java.base/java.util.ArrayList.forEach(ArrayList.java:1511)
... Removed 29 stack frames]]>
    </failure>
  </testcase> <!-- testGoogleSearch -->
</testsuite> <!-- GoogleSearchTest -->
